#
# A fatal error has been detected by the Java Runtime Environment:
#
#  EXCEPTION_ACCESS_VIOLATION (0xc0000005) at pc=0x04952d4a, pid=6264, tid=5756
#
# JRE version: Java(TM) SE Runtime Environment (7.0_79-b15) (build 1.7.0_79-b15)
# Java VM: Java HotSpot(TM) Client VM (24.79-b02 mixed mode, sharing windows-x86 )
# Problematic frame:
# C  [jmam.dll+0x2d4a]
#
# Failed to write core dump. Minidumps are not enabled by default on client versions of Windows
#
# If you would like to submit a bug report, please visit:
#   http://bugreport.java.com/bugreport/crash.jsp
# The crash happened outside the Java Virtual Machine in native code.
# See problematic frame for where to report the bug.
#

---------------  T H R E A D  ---------------

Current thread (0x04bb9400):  JavaThread "AWT-EventQueue-0" [_thread_in_native, id=5756, stack(0x058e0000,0x05930000)]

siginfo: ExceptionCode=0xc0000005, reading address 0x00000000

Registers:
EAX=0x00000000, EBX=0x374bdd10, ECX=0x00000000, EDX=0x0592e234
ESP=0x0592e22c, EBP=0x0592e278, ESI=0x374bdd10, EDI=0x04bb9400
EIP=0x04952d4a, EFLAGS=0x00010246

Top of Stack: (sp=0x0592e22c)
0x0592e22c:   00000000 0592e234 0592e34c 0592e31c
0x0592e23c:   022eaabd 0027fcdc 00000000 00000000
0x0592e24c:   0592e258 0592e288 0592e31c 0592e258
0x0592e25c:   00000000 0592e288 374bef68 00000000
0x0592e26c:   374bdd10 00000000 0592e288 0592e2ac
0x0592e27c:   022e3304 00000000 022e88c9 27d95d38
0x0592e28c:   0592e28c 374bf62b 0592e2bc 374bffe8
0x0592e29c:   00000000 374bf658 0592e288 0592e2bc 

Instructions: (pc=0x04952d4a)
0x04952d2a:   d2 83 c4 08 c2 08 00 8b 44 24 0c 8d 54 24 10 52
0x04952d3a:   50 8b 08 ff 51 24 8d 54 24 00 8b 44 24 10 52 50
0x04952d4a:   8b 08 ff 51 0c 8b 44 24 10 50 8b 08 ff 51 08 8b
0x04952d5a:   44 24 0c 50 8b 10 ff 52 08 6a 00 6a 0a 8b 44 24 


Register to memory mapping:

EAX=0x00000000 is an unknown value
EBX=0x374bdd10 is an oop
{method} 
 - klass: {other class}
ECX=0x00000000 is an unknown value
EDX=0x0592e234 is pointing into the stack for thread: 0x04bb9400
ESP=0x0592e22c is pointing into the stack for thread: 0x04bb9400
EBP=0x0592e278 is pointing into the stack for thread: 0x04bb9400
ESI=0x374bdd10 is an oop
{method} 
 - klass: {other class}
EDI=0x04bb9400 is a thread


Stack: [0x058e0000,0x05930000],  sp=0x0592e22c,  free space=312k
Native frames: (J=compiled Java code, j=interpreted, Vv=VM code, C=native code)
C  [jmam.dll+0x2d4a]
j  com.sun.media.amovie.AMController$AMTimeBase.getMediaTime()J+19
j  com.sun.media.amovie.AMController$AMTimeBase.getNanoseconds()J+1
j  com.sun.media.MediaTimeBase.getTime()Ljavax/media/Time;+5
j  com.sun.media.BasicPlayer.setMediaTime(Ljavax/media/Time;)V+143
j  MainMedia.mediamethods.videoMouseReleased(Ljava/awt/event/MouseEvent;)V+28
j  MainMedia.mediamethods.access$2400(LMainMedia/mediamethods;Ljava/awt/event/MouseEvent;)V+2
j  MainMedia.mediamethods$12.mouseReleased(Ljava/awt/event/MouseEvent;)V+5
j  java.awt.AWTEventMulticaster.mouseReleased(Ljava/awt/event/MouseEvent;)V+21
j  java.awt.Component.processMouseEvent(Ljava/awt/event/MouseEvent;)V+64
j  javax.swing.JComponent.processMouseEvent(Ljava/awt/event/MouseEvent;)V+23
j  java.awt.Component.processEvent(Ljava/awt/AWTEvent;)V+81
j  java.awt.Container.processEvent(Ljava/awt/AWTEvent;)V+18
j  java.awt.Component.dispatchEventImpl(Ljava/awt/AWTEvent;)V+581
j  java.awt.Container.dispatchEventImpl(Ljava/awt/AWTEvent;)V+42
J 475 C1 java.awt.LightweightDispatcher.retargetMouseEvent(Ljava/awt/Component;ILjava/awt/event/MouseEvent;)V (350 bytes) @ 0x02420818 [0x024201c0+0x658]
j  java.awt.LightweightDispatcher.processMouseEvent(Ljava/awt/event/MouseEvent;)Z+139
j  java.awt.LightweightDispatcher.dispatchEvent(Ljava/awt/AWTEvent;)Z+50
j  java.awt.Container.dispatchEventImpl(Ljava/awt/AWTEvent;)V+12
j  java.awt.Window.dispatchEventImpl(Ljava/awt/AWTEvent;)V+19
J 573 C1 java.awt.EventQueue.dispatchEventImpl(Ljava/awt/AWTEvent;Ljava/lang/Object;)V (149 bytes) @ 0x02452a50 [0x024525f0+0x460]
J 570 C1 java.awt.EventQueue$3.run()Ljava/lang/Object; (5 bytes) @ 0x02451e00 [0x02451dd0+0x30]
v  ~StubRoutines::call_stub
V  [jvm.dll+0x14234a]
V  [jvm.dll+0x206ebe]
V  [jvm.dll+0x1423cd]
V  [jvm.dll+0xfc6aa]
C  [java.dll+0x102f]
J 463 C1 java.security.ProtectionDomain$1.doIntersectionPrivilege(Ljava/security/PrivilegedAction;Ljava/security/AccessControlContext;Ljava/security/AccessControlContext;)Ljava/lang/Object; (32 bytes) @ 0x0241db10 [0x0241da70+0xa0]
j  java.security.ProtectionDomain$1.doIntersectionPrivilege(Ljava/security/PrivilegedAction;Ljava/security/AccessControlContext;)Ljava/lang/Object;+6
j  java.awt.EventQueue$4.run()Ljava/lang/Void;+11
j  java.awt.EventQueue$4.run()Ljava/lang/Object;+1
v  ~StubRoutines::call_stub
V  [jvm.dll+0x14234a]
V  [jvm.dll+0x206ebe]
V  [jvm.dll+0x1423cd]
V  [jvm.dll+0xfc6aa]
C  [java.dll+0x102f]
J 567 C1 java.awt.EventQueue.dispatchEvent(Ljava/awt/AWTEvent;)V (80 bytes) @ 0x02450f70 [0x02450cc0+0x2b0]
J 437 C1 java.awt.EventDispatchThread.pumpOneEventForFilters(I)V (295 bytes) @ 0x0240d2ac [0x0240cc10+0x69c]
j  java.awt.EventDispatchThread.pumpEventsForFilter(ILjava/awt/Conditional;Ljava/awt/EventFilter;)V+35
j  java.awt.EventDispatchThread.pumpEventsForHierarchy(ILjava/awt/Conditional;Ljava/awt/Component;)V+11
j  java.awt.EventDispatchThread.pumpEvents(ILjava/awt/Conditional;)V+4
j  java.awt.EventDispatchThread.pumpEvents(Ljava/awt/Conditional;)V+3
j  java.awt.EventDispatchThread.run()V+9
v  ~StubRoutines::call_stub
V  [jvm.dll+0x14234a]
V  [jvm.dll+0x206ebe]
V  [jvm.dll+0x142515]
V  [jvm.dll+0x142577]
V  [jvm.dll+0xed3df]
V  [jvm.dll+0x1636ec]
V  [jvm.dll+0x164147]
V  [jvm.dll+0x1a8d99]
C  [msvcr100.dll+0x5c556]
C  [msvcr100.dll+0x5c600]
C  [kernel32.dll+0x13677]
C  [ntdll.dll+0x39d72]
C  [ntdll.dll+0x39d45]

Java frames: (J=compiled Java code, j=interpreted, Vv=VM code)
j  com.sun.media.amovie.ActiveMovie.getTime()J+0
j  com.sun.media.amovie.AMController$AMTimeBase.getMediaTime()J+19
j  com.sun.media.amovie.AMController$AMTimeBase.getNanoseconds()J+1
j  com.sun.media.MediaTimeBase.getTime()Ljavax/media/Time;+5
j  com.sun.media.BasicPlayer.setMediaTime(Ljavax/media/Time;)V+143
j  MainMedia.mediamethods.videoMouseReleased(Ljava/awt/event/MouseEvent;)V+28
j  MainMedia.mediamethods.access$2400(LMainMedia/mediamethods;Ljava/awt/event/MouseEvent;)V+2
j  MainMedia.mediamethods$12.mouseReleased(Ljava/awt/event/MouseEvent;)V+5
j  java.awt.AWTEventMulticaster.mouseReleased(Ljava/awt/event/MouseEvent;)V+21
j  java.awt.Component.processMouseEvent(Ljava/awt/event/MouseEvent;)V+64
j  javax.swing.JComponent.processMouseEvent(Ljava/awt/event/MouseEvent;)V+23
j  java.awt.Component.processEvent(Ljava/awt/AWTEvent;)V+81
j  java.awt.Container.processEvent(Ljava/awt/AWTEvent;)V+18
j  java.awt.Component.dispatchEventImpl(Ljava/awt/AWTEvent;)V+581
j  java.awt.Container.dispatchEventImpl(Ljava/awt/AWTEvent;)V+42
J 475 C1 java.awt.LightweightDispatcher.retargetMouseEvent(Ljava/awt/Component;ILjava/awt/event/MouseEvent;)V (350 bytes) @ 0x02420818 [0x024201c0+0x658]
j  java.awt.LightweightDispatcher.processMouseEvent(Ljava/awt/event/MouseEvent;)Z+139
j  java.awt.LightweightDispatcher.dispatchEvent(Ljava/awt/AWTEvent;)Z+50
j  java.awt.Container.dispatchEventImpl(Ljava/awt/AWTEvent;)V+12
j  java.awt.Window.dispatchEventImpl(Ljava/awt/AWTEvent;)V+19
J 573 C1 java.awt.EventQueue.dispatchEventImpl(Ljava/awt/AWTEvent;Ljava/lang/Object;)V (149 bytes) @ 0x02452a50 [0x024525f0+0x460]
J 570 C1 java.awt.EventQueue$3.run()Ljava/lang/Object; (5 bytes) @ 0x02451e00 [0x02451dd0+0x30]
v  ~StubRoutines::call_stub
J 453  java.security.AccessController.doPrivileged(Ljava/security/PrivilegedAction;Ljava/security/AccessControlContext;)Ljava/lang/Object; (0 bytes) @ 0x0241c347 [0x0241c2e0+0x67]
J 463 C1 java.security.ProtectionDomain$1.doIntersectionPrivilege(Ljava/security/PrivilegedAction;Ljava/security/AccessControlContext;Ljava/security/AccessControlContext;)Ljava/lang/Object; (32 bytes) @ 0x0241db10 [0x0241da70+0xa0]
j  java.security.ProtectionDomain$1.doIntersectionPrivilege(Ljava/security/PrivilegedAction;Ljava/security/AccessControlContext;)Ljava/lang/Object;+6
j  java.awt.EventQueue$4.run()Ljava/lang/Void;+11
j  java.awt.EventQueue$4.run()Ljava/lang/Object;+1
v  ~StubRoutines::call_stub
J 453  java.security.AccessController.doPrivileged(Ljava/security/PrivilegedAction;Ljava/security/AccessControlContext;)Ljava/lang/Object; (0 bytes) @ 0x0241c347 [0x0241c2e0+0x67]
J 567 C1 java.awt.EventQueue.dispatchEvent(Ljava/awt/AWTEvent;)V (80 bytes) @ 0x02450f70 [0x02450cc0+0x2b0]
J 437 C1 java.awt.EventDispatchThread.pumpOneEventForFilters(I)V (295 bytes) @ 0x0240d2ac [0x0240cc10+0x69c]
j  java.awt.EventDispatchThread.pumpEventsForFilter(ILjava/awt/Conditional;Ljava/awt/EventFilter;)V+35
j  java.awt.EventDispatchThread.pumpEventsForHierarchy(ILjava/awt/Conditional;Ljava/awt/Component;)V+11
j  java.awt.EventDispatchThread.pumpEvents(ILjava/awt/Conditional;)V+4
j  java.awt.EventDispatchThread.pumpEvents(Ljava/awt/Conditional;)V+3
j  java.awt.EventDispatchThread.run()V+9
v  ~StubRoutines::call_stub

---------------  P R O C E S S  ---------------

Java Threads: ( => current thread )
  0x05ee7400 JavaThread "JMF AMController Event Thread: Loop thread" [_thread_blocked, id=1764, stack(0x098b0000,0x09900000)]
  0x05ee6000 JavaThread "Loop thread" [_thread_blocked, id=3480, stack(0x074d0000,0x07520000)]
  0x04c51c00 JavaThread "JMF thread: SendEventQueue: com.sun.media.content.audio.mpeg.Handler" [_thread_blocked, id=7096, stack(0x05720000,0x05770000)]
  0x02098800 JavaThread "Swing-Shell" daemon [_thread_blocked, id=6088, stack(0x054d0000,0x05520000)]
  0x05f17800 JavaThread "Image Fetcher 0" daemon [_thread_blocked, id=2212, stack(0x052b0000,0x05300000)]
  0x04c24000 JavaThread "TimerQueue" daemon [_thread_blocked, id=6756, stack(0x063d0000,0x06420000)]
  0x0022c800 JavaThread "DestroyJavaVM" [_thread_blocked, id=4916, stack(0x00380000,0x003d0000)]
=>0x04bb9400 JavaThread "AWT-EventQueue-0" [_thread_in_native, id=5756, stack(0x058e0000,0x05930000)]
  0x04b9ec00 JavaThread "AWT-Windows" daemon [_thread_in_native, id=1928, stack(0x04f80000,0x04fd0000)]
  0x04b9e800 JavaThread "AWT-Shutdown" [_thread_blocked, id=4432, stack(0x04750000,0x047a0000)]
  0x04ba4800 JavaThread "Java2D Disposer" daemon [_thread_blocked, id=6676, stack(0x05080000,0x050d0000)]
  0x0206b000 JavaThread "Service Thread" daemon [_thread_blocked, id=6472, stack(0x04a10000,0x04a60000)]
  0x02066c00 JavaThread "C1 CompilerThread0" daemon [_thread_blocked, id=2152, stack(0x04540000,0x04590000)]
  0x02065c00 JavaThread "Attach Listener" daemon [_thread_blocked, id=4764, stack(0x048e0000,0x04930000)]
  0x02064c00 JavaThread "Signal Dispatcher" daemon [_thread_blocked, id=6936, stack(0x04850000,0x048a0000)]
  0x01fefc00 JavaThread "Finalizer" daemon [_thread_blocked, id=6692, stack(0x04420000,0x04470000)]
  0x01fee400 JavaThread "Reference Handler" daemon [_thread_blocked, id=4776, stack(0x04660000,0x046b0000)]

Other Threads:
  0x01fec400 VMThread [stack: 0x04590000,0x045e0000] [id=2672]
  0x0207e400 WatcherThread [stack: 0x04a90000,0x04ae0000] [id=5764]

VM state:not at safepoint (normal execution)

VM Mutex/Monitor currently owned by a thread: None

Heap
 def new generation   total 31104K, used 19536K [0x27200000, 0x293b0000, 0x2c750000)
  eden space 27712K,  61% used [0x27200000, 0x282c3120, 0x28d10000)
  from space 3392K,  69% used [0x29060000, 0x292b11a0, 0x293b0000)
  to   space 3392K,   0% used [0x28d10000, 0x28d10000, 0x29060000)
 tenured generation   total 68844K, used 46542K [0x2c750000, 0x30a8b000, 0x37200000)
   the space 68844K,  67% used [0x2c750000, 0x2f4c3a50, 0x2f4c3c00, 0x30a8b000)
 compacting perm gen  total 12288K, used 2845K [0x37200000, 0x37e00000, 0x3b200000)
   the space 12288K,  23% used [0x37200000, 0x374c7620, 0x374c7800, 0x37e00000)
    ro space 10240K,  44% used [0x3b200000, 0x3b67c1d8, 0x3b67c200, 0x3bc00000)
    rw space 12288K,  52% used [0x3bc00000, 0x3c2440c0, 0x3c244200, 0x3c800000)

Card table byte_map: [0x042e0000,0x04390000] byte_map_base: 0x041a7000

Polling page: 0x001a0000

Code Cache  [0x022e0000, 0x02458000, 0x042e0000)
 total_blobs=841 nmethods=584 adapters=193 free_code_cache=31267Kb largest_free_block=32016960

Compilation events (10 events):
Event: 55.012 Thread 0x02066c00  583             sun.java2d.SunGraphics2D::translate (68 bytes)
Event: 55.012 Thread 0x02066c00 nmethod 583 0x02455d48 code [0x02455e50, 0x02455f58]
Event: 55.025 Thread 0x02066c00  584   !         sun.java2d.SunGraphics2D::validateCompClip (224 bytes)
Event: 55.026 Thread 0x02066c00 nmethod 584 0x02456008 code [0x024561e0, 0x024568b4]
Event: 55.093 Thread 0x02066c00  585             sun.awt.SunHints$Key::getIndex (5 bytes)
Event: 55.093 Thread 0x02066c00 nmethod 585 0x02456f88 code [0x02457080, 0x02457100]
Event: 55.093 Thread 0x02066c00  586             java.awt.RenderingHints$Key::intKey (5 bytes)
Event: 55.093 Thread 0x02066c00 nmethod 586 0x02457148 code [0x02457240, 0x024572c0]
Event: 55.313 Thread 0x02066c00  587             sun.awt.AWTAutoShutdown::isReadyToShutdown (35 bytes)
Event: 55.313 Thread 0x02066c00 nmethod 587 0x02457308 code [0x02457410, 0x024574fc]

GC Heap History (10 events):
Event: 3.258 GC heap before
{Heap before GC invocations=8 (full 1):
 def new generation   total 4992K, used 4495K [0x27200000, 0x27760000, 0x2c750000)
  eden space 4480K, 100% used [0x27200000, 0x27660000, 0x27660000)
  from space 512K,   3% used [0x27660000, 0x27663f80, 0x276e0000)
  to   space 512K,   0% used [0x276e0000, 0x276e0000, 0x27760000)
 tenured generation   total 20948K, used 19519K [0x2c750000, 0x2dbc5000, 0x37200000)
   the space 20948K,  93% used [0x2c750000, 0x2da5fe90, 0x2da60000, 0x2dbc5000)
 compacting perm gen  total 12288K, used 1431K [0x37200000, 0x37e00000, 0x3b200000)
   the space 12288K,  11% used [0x37200000, 0x37365d28, 0x37365e00, 0x37e00000)
    ro space 10240K,  44% used [0x3b200000, 0x3b67c1d8, 0x3b67c200, 0x3bc00000)
    rw space 12288K,  52% used [0x3bc00000, 0x3c2440c0, 0x3c244200, 0x3c800000)
Event: 3.273 GC heap after
Heap after GC invocations=9 (full 2):
 def new generation   total 17408K, used 0K [0x27200000, 0x284e0000, 0x2c750000)
  eden space 15488K,   0% used [0x27200000, 0x27200000, 0x28120000)
  from space 1920K,   0% used [0x28120000, 0x28120000, 0x28300000)
  to   space 1920K,   0% used [0x28300000, 0x28300000, 0x284e0000)
 tenured generation   total 38564K, used 23137K [0x2c750000, 0x2ecf9000, 0x37200000)
   the space 38564K,  59% used [0x2c750000, 0x2dde86f0, 0x2dde8800, 0x2ecf9000)
 compacting perm gen  total 12288K, used 1431K [0x37200000, 0x37e00000, 0x3b200000)
   the space 12288K,  11% used [0x37200000, 0x37365d28, 0x37365e00, 0x37e00000)
    ro space 10240K,  44% used [0x3b200000, 0x3b67c1d8, 0x3b67c200, 0x3bc00000)
    rw space 12288K,  52% used [0x3bc00000, 0x3c2440c0, 0x3c244200, 0x3c800000)
}
Event: 3.619 GC heap before
{Heap before GC invocations=9 (full 2):
 def new generation   total 17408K, used 14241K [0x27200000, 0x284e0000, 0x2c750000)
  eden space 15488K,  91% used [0x27200000, 0x27fe8610, 0x28120000)
  from space 1920K,   0% used [0x28120000, 0x28120000, 0x28300000)
  to   space 1920K,   0% used [0x28300000, 0x28300000, 0x284e0000)
 tenured generation   total 38564K, used 23137K [0x2c750000, 0x2ecf9000, 0x37200000)
   the space 38564K,  59% used [0x2c750000, 0x2dde86f0, 0x2dde8800, 0x2ecf9000)
 compacting perm gen  total 12288K, used 1431K [0x37200000, 0x37e00000, 0x3b200000)
   the space 12288K,  11% used [0x37200000, 0x37365d38, 0x37365e00, 0x37e00000)
    ro space 10240K,  44% used [0x3b200000, 0x3b67c1d8, 0x3b67c200, 0x3bc00000)
    rw space 12288K,  52% used [0x3bc00000, 0x3c2440c0, 0x3c244200, 0x3c800000)
Event: 3.622 GC heap after
Heap after GC invocations=10 (full 2):
 def new generation   total 17408K, used 1626K [0x27200000, 0x284e0000, 0x2c750000)
  eden space 15488K,   0% used [0x27200000, 0x27200000, 0x28120000)
  from space 1920K,  84% used [0x28300000, 0x28496af0, 0x284e0000)
  to   space 1920K,   0% used [0x28120000, 0x28120000, 0x28300000)
 tenured generation   total 38564K, used 26741K [0x2c750000, 0x2ecf9000, 0x37200000)
   the space 38564K,  69% used [0x2c750000, 0x2e16d530, 0x2e16d600, 0x2ecf9000)
 compacting perm gen  total 12288K, used 1431K [0x37200000, 0x37e00000, 0x3b200000)
   the space 12288K,  11% used [0x37200000, 0x37365d38, 0x37365e00, 0x37e00000)
    ro space 10240K,  44% used [0x3b200000, 0x3b67c1d8, 0x3b67c200, 0x3bc00000)
    rw space 12288K,  52% used [0x3bc00000, 0x3c2440c0, 0x3c244200, 0x3c800000)
}
Event: 3.729 GC heap before
{Heap before GC invocations=10 (full 2):
 def new generation   total 17408K, used 16023K [0x27200000, 0x284e0000, 0x2c750000)
  eden space 15488K,  92% used [0x27200000, 0x2800f168, 0x28120000)
  from space 1920K,  84% used [0x28300000, 0x28496af0, 0x284e0000)
  to   space 1920K,   0% used [0x28120000, 0x28120000, 0x28300000)
 tenured generation   total 38564K, used 26741K [0x2c750000, 0x2ecf9000, 0x37200000)
   the space 38564K,  69% used [0x2c750000, 0x2e16d530, 0x2e16d600, 0x2ecf9000)
 compacting perm gen  total 12288K, used 1431K [0x37200000, 0x37e00000, 0x3b200000)
   the space 12288K,  11% used [0x37200000, 0x37365d38, 0x37365e00, 0x37e00000)
    ro space 10240K,  44% used [0x3b200000, 0x3b67c1d8, 0x3b67c200, 0x3bc00000)
    rw space 12288K,  52% used [0x3bc00000, 0x3c2440c0, 0x3c244200, 0x3c800000)
Event: 3.734 GC heap after
Heap after GC invocations=11 (full 2):
 def new generation   total 17408K, used 1420K [0x27200000, 0x284e0000, 0x2c750000)
  eden space 15488K,   0% used [0x27200000, 0x27200000, 0x28120000)
  from space 1920K,  73% used [0x28120000, 0x28283250, 0x28300000)
  to   space 1920K,   0% used [0x28300000, 0x28300000, 0x284e0000)
 tenured generation   total 38564K, used 33978K [0x2c750000, 0x2ecf9000, 0x37200000)
   the space 38564K,  88% used [0x2c750000, 0x2e87e938, 0x2e87ea00, 0x2ecf9000)
 compacting perm gen  total 12288K, used 1431K [0x37200000, 0x37e00000, 0x3b200000)
   the space 12288K,  11% used [0x37200000, 0x37365d38, 0x37365e00, 0x37e00000)
    ro space 10240K,  44% used [0x3b200000, 0x3b67c1d8, 0x3b67c200, 0x3bc00000)
    rw space 12288K,  52% used [0x3bc00000, 0x3c2440c0, 0x3c244200, 0x3c800000)
}
Event: 4.077 GC heap before
{Heap before GC invocations=11 (full 2):
 def new generation   total 17408K, used 16908K [0x27200000, 0x284e0000, 0x2c750000)
  eden space 15488K, 100% used [0x27200000, 0x28120000, 0x28120000)
  from space 1920K,  73% used [0x28120000, 0x28283250, 0x28300000)
  to   space 1920K,   0% used [0x28300000, 0x28300000, 0x284e0000)
 tenured generation   total 38564K, used 33978K [0x2c750000, 0x2ecf9000, 0x37200000)
   the space 38564K,  88% used [0x2c750000, 0x2e87e938, 0x2e87ea00, 0x2ecf9000)
 compacting perm gen  total 12288K, used 1451K [0x37200000, 0x37e00000, 0x3b200000)
   the space 12288K,  11% used [0x37200000, 0x3736adf0, 0x3736ae00, 0x37e00000)
    ro space 10240K,  44% used [0x3b200000, 0x3b67c1d8, 0x3b67c200, 0x3bc00000)
    rw space 12288K,  52% used [0x3bc00000, 0x3c2440c0, 0x3c244200, 0x3c800000)
Event: 4.100 GC heap after
Heap after GC invocations=12 (full 3):
 def new generation   total 31104K, used 1311K [0x27200000, 0x293b0000, 0x2c750000)
  eden space 27712K,   4% used [0x27200000, 0x27347fc8, 0x28d10000)
  from space 3392K,   0% used [0x28d10000, 0x28d10000, 0x29060000)
  to   space 3392K,   0% used [0x29060000, 0x29060000, 0x293b0000)
 tenured generation   total 68844K, used 41305K [0x2c750000, 0x30a8b000, 0x37200000)
   the space 68844K,  59% used [0x2c750000, 0x2efa6400, 0x2efa6400, 0x30a8b000)
 compacting perm gen  total 12288K, used 1451K [0x37200000, 0x37e00000, 0x3b200000)
   the space 12288K,  11% used [0x37200000, 0x3736adf0, 0x3736ae00, 0x37e00000)
    ro space 10240K,  44% used [0x3b200000, 0x3b67c1d8, 0x3b67c200, 0x3bc00000)
    rw space 12288K,  52% used [0x3bc00000, 0x3c2440c0, 0x3c244200, 0x3c800000)
}
Event: 12.995 GC heap before
{Heap before GC invocations=12 (full 3):
 def new generation   total 31104K, used 27491K [0x27200000, 0x293b0000, 0x2c750000)
  eden space 27712K,  99% used [0x27200000, 0x28cd8e78, 0x28d10000)
  from space 3392K,   0% used [0x28d10000, 0x28d10000, 0x29060000)
  to   space 3392K,   0% used [0x29060000, 0x29060000, 0x293b0000)
 tenured generation   total 68844K, used 41305K [0x2c750000, 0x30a8b000, 0x37200000)
   the space 68844K,  59% used [0x2c750000, 0x2efa6400, 0x2efa6400, 0x30a8b000)
 compacting perm gen  total 12288K, used 1643K [0x37200000, 0x37e00000, 0x3b200000)
   the space 12288K,  13% used [0x37200000, 0x3739aff0, 0x3739b000, 0x37e00000)
    ro space 10240K,  44% used [0x3b200000, 0x3b67c1d8, 0x3b67c200, 0x3bc00000)
    rw space 12288K,  52% used [0x3bc00000, 0x3c2440c0, 0x3c244200, 0x3c800000)
Event: 13.008 GC heap after
Heap after GC invocations=13 (full 3):
 def new generation   total 31104K, used 2372K [0x27200000, 0x293b0000, 0x2c750000)
  eden space 27712K,   0% used [0x27200000, 0x27200000, 0x28d10000)
  from space 3392K,  69% used [0x29060000, 0x292b11a0, 0x293b0000)
  to   space 3392K,   0% used [0x28d10000, 0x28d10000, 0x29060000)
 tenured generation   total 68844K, used 46542K [0x2c750000, 0x30a8b000, 0x37200000)
   the space 68844K,  67% used [0x2c750000, 0x2f4c3a50, 0x2f4c3c00, 0x30a8b000)
 compacting perm gen  total 12288K, used 1643K [0x37200000, 0x37e00000, 0x3b200000)
   the space 12288K,  13% used [0x37200000, 0x3739aff0, 0x3739b000, 0x37e00000)
    ro space 10240K,  44% used [0x3b200000, 0x3b67c1d8, 0x3b67c200, 0x3bc00000)
    rw space 12288K,  52% used [0x3bc00000, 0x3c2440c0, 0x3c244200, 0x3c800000)
}

Deoptimization events (0 events):
No events

Internal exceptions (10 events):
Event: 50.034 Thread 0x04bb9400 Threw 0x27bf4158 at C:\re\jdk7u79\2331\hotspot\src\share\vm\prims\jvm.cpp:1304
Event: 50.034 Thread 0x04bb9400 Threw 0x27bf4368 at C:\re\jdk7u79\2331\hotspot\src\share\vm\runtime\reflection.cpp:1030
Event: 50.034 Thread 0x04bb9400 Threw 0x27bf4ce0 at C:\re\jdk7u79\2331\hotspot\src\share\vm\prims\jvm.cpp:1304
Event: 50.034 Thread 0x04bb9400 Threw 0x27bf7108 at C:\re\jdk7u79\2331\hotspot\src\share\vm\prims\jvm.cpp:1304
Event: 50.034 Thread 0x04bb9400 Threw 0x27bf7318 at C:\re\jdk7u79\2331\hotspot\src\share\vm\runtime\reflection.cpp:1030
Event: 50.060 Thread 0x04bb9400 Threw 0x27ca2f58 at C:\re\jdk7u79\2331\hotspot\src\share\vm\prims\jvm.cpp:1304
Event: 50.061 Thread 0x04bb9400 Threw 0x27ca3ef8 at C:\re\jdk7u79\2331\hotspot\src\share\vm\prims\jvm.cpp:1304
Event: 50.063 Thread 0x04bb9400 Threw 0x27cc41e0 at C:\re\jdk7u79\2331\hotspot\src\share\vm\prims\jvm.cpp:1304
Event: 50.063 Thread 0x04bb9400 Threw 0x27cc51e8 at C:\re\jdk7u79\2331\hotspot\src\share\vm\prims\jvm.cpp:1304
Event: 52.087 Thread 0x04bb9400 Threw 0x27ed44f8 at C:\re\jdk7u79\2331\hotspot\src\share\vm\prims\jvm.cpp:1304

Events (10 events):
Event: 55.127 Executing VM operation: RevokeBias done
Event: 55.381 Executing VM operation: RevokeBias
Event: 55.382 Executing VM operation: RevokeBias done
Event: 55.382 Executing VM operation: RevokeBias
Event: 55.382 Executing VM operation: RevokeBias done
Event: 55.382 loading class 0x04c66c98
Event: 55.382 loading class 0x04c66c98 done
Event: 55.382 Executing VM operation: RevokeBias
Event: 55.382 Executing VM operation: RevokeBias done
Event: 55.385 Thread 0x04c57400 Thread exited: 0x04c57400


Dynamic libraries:
0x00880000 - 0x008af000 	C:\Program Files (x86)\Java\jdk1.7.0_79\bin\java.exe
0x77810000 - 0x77990000 	C:\Windows\SysWOW64\ntdll.dll
0x77310000 - 0x77410000 	C:\Windows\syswow64\kernel32.dll
0x76de0000 - 0x76e26000 	C:\Windows\syswow64\KERNELBASE.dll
0x75d80000 - 0x75e20000 	C:\Windows\syswow64\ADVAPI32.dll
0x75eb0000 - 0x75f5c000 	C:\Windows\syswow64\msvcrt.dll
0x760e0000 - 0x760f9000 	C:\Windows\SysWOW64\sechost.dll
0x756f0000 - 0x757e0000 	C:\Windows\syswow64\RPCRT4.dll
0x75380000 - 0x753e0000 	C:\Windows\syswow64\SspiCli.dll
0x75370000 - 0x7537c000 	C:\Windows\syswow64\CRYPTBASE.dll
0x75470000 - 0x75570000 	C:\Windows\syswow64\USER32.dll
0x75cc0000 - 0x75d50000 	C:\Windows\syswow64\GDI32.dll
0x76100000 - 0x7610a000 	C:\Windows\syswow64\LPK.dll
0x770e0000 - 0x7717d000 	C:\Windows\syswow64\USP10.dll
0x71860000 - 0x719fe000 	C:\Windows\WinSxS\x86_microsoft.windows.common-controls_6595b64144ccf1df_6.0.7600.16385_none_421189da2b7fabfc\COMCTL32.dll
0x75f70000 - 0x75fc7000 	C:\Windows\syswow64\SHLWAPI.dll
0x76e30000 - 0x76e90000 	C:\Windows\system32\IMM32.DLL
0x76010000 - 0x760dc000 	C:\Windows\syswow64\MSCTF.dll
0x729d0000 - 0x729fb000 	C:\Windows\SysWOW64\nvinit.dll
0x729c0000 - 0x729c9000 	C:\Windows\system32\VERSION.dll
0x0f000000 - 0x0f006000 	C:\Program Files (x86)\NVIDIA Corporation\CoProcManager\detoured.dll
0x71010000 - 0x71039000 	C:\Program Files (x86)\NVIDIA Corporation\CoProcManager\nvd3d9wrap.dll
0x758a0000 - 0x75a3d000 	C:\Windows\syswow64\SETUPAPI.dll
0x75fe0000 - 0x76007000 	C:\Windows\syswow64\CFGMGR32.dll
0x757e0000 - 0x7586f000 	C:\Windows\syswow64\OLEAUT32.dll
0x75a40000 - 0x75b9c000 	C:\Windows\syswow64\ole32.dll
0x76110000 - 0x76122000 	C:\Windows\syswow64\DEVOBJ.dll
0x70ff0000 - 0x7100e000 	C:\Program Files (x86)\NVIDIA Corporation\CoProcManager\nvdxgiwrap.dll
0x74c10000 - 0x74ccf000 	C:\Program Files (x86)\Java\jdk1.7.0_79\jre\bin\msvcr100.dll
0x6e330000 - 0x6e6b9000 	C:\Program Files (x86)\Java\jdk1.7.0_79\jre\bin\client\jvm.dll
0x710b0000 - 0x710b7000 	C:\Windows\system32\WSOCK32.dll
0x75570000 - 0x755a5000 	C:\Windows\syswow64\WS2_32.dll
0x75f60000 - 0x75f66000 	C:\Windows\syswow64\NSI.dll
0x722e0000 - 0x72312000 	C:\Windows\system32\WINMM.dll
0x777e0000 - 0x777e5000 	C:\Windows\syswow64\PSAPI.DLL
0x75330000 - 0x7533c000 	C:\Program Files (x86)\Java\jdk1.7.0_79\jre\bin\verify.dll
0x75310000 - 0x75330000 	C:\Program Files (x86)\Java\jdk1.7.0_79\jre\bin\java.dll
0x752f0000 - 0x75303000 	C:\Program Files (x86)\Java\jdk1.7.0_79\jre\bin\zip.dll
0x74d60000 - 0x74d6e000 	C:\Program Files (x86)\Java\jdk1.7.0_79\jre\bin\JdbcOdbc.dll
0x72d20000 - 0x72daa000 	C:\Windows\system32\ODBC32.dll
0x74b70000 - 0x74ba8000 	C:\Windows\system32\odbcint.dll
0x71740000 - 0x71757000 	C:\Windows\system32\bcrypt.dll
0x71700000 - 0x7173d000 	C:\Windows\SysWOW64\bcryptprimitives.dll
0x702a0000 - 0x703e3000 	C:\Program Files (x86)\Java\jdk1.7.0_79\jre\bin\awt.dll
0x71090000 - 0x710a3000 	C:\Windows\system32\DWMAPI.DLL
0x70f70000 - 0x70ff0000 	C:\Windows\system32\uxtheme.dll
0x76190000 - 0x76dd9000 	C:\Windows\syswow64\SHELL32.dll
0x706f0000 - 0x70715000 	C:\Program Files (x86)\Java\jdk1.7.0_79\jre\bin\jpeg.dll
0x74fd0000 - 0x75009000 	C:\Program Files (x86)\Java\jdk1.7.0_79\jre\bin\fontmanager.dll
0x752d0000 - 0x752e4000 	C:\Program Files (x86)\Java\jdk1.7.0_79\jre\bin\net.dll
0x72520000 - 0x7255c000 	C:\Windows\system32\mswsock.dll
0x71450000 - 0x71456000 	C:\Windows\System32\wship6.dll
0x752c0000 - 0x752cf000 	C:\Program Files (x86)\Java\jdk1.7.0_79\jre\bin\nio.dll
0x74fa0000 - 0x74fd0000 	C:\Program Files (x86)\Java\jdk1.7.0_79\jre\bin\t2k.dll
0x10000000 - 0x10008000 	C:\Program Files (x86)\Internet Download Manager\idmmkb.dll
0x75e20000 - 0x75ea3000 	C:\Windows\syswow64\CLBCatQ.DLL
0x70010000 - 0x70058000 	C:\Windows\SysWOW64\msjtes40.dll
0x0f9a0000 - 0x0f9ab000 	C:\Windows\system32\VBAJET32.DLL
0x0f9c0000 - 0x0fa22000 	C:\Windows\system32\expsrv.dll
0x74250000 - 0x7434b000 	C:\Windows\system32\WindowsCodecs.dll
0x71370000 - 0x713bb000 	C:\Windows\system32\apphelp.dll
0x741d0000 - 0x74201000 	C:\Windows\system32\EhStorShell.dll
0x71f60000 - 0x72055000 	C:\Windows\system32\PROPSYS.dll
0x740f0000 - 0x7415f000 	C:\Windows\system32\ntshrui.dll
0x723b0000 - 0x723c9000 	C:\Windows\system32\srvcli.dll
0x74240000 - 0x7424b000 	C:\Windows\system32\cscapi.dll
0x712f0000 - 0x712fa000 	C:\Windows\system32\slc.dll
0x724c0000 - 0x724e1000 	C:\Windows\system32\ntmarta.dll
0x76e90000 - 0x76ed5000 	C:\Windows\syswow64\WLDAP32.dll
0x72820000 - 0x7282b000 	C:\Windows\system32\profapi.dll
0x77280000 - 0x77304000 	C:\Windows\WinSxS\x86_microsoft.windows.common-controls_6595b64144ccf1df_5.82.7600.16385_none_ebf82fc36c758ad5\comctl32.dll
0x6a750000 - 0x6a8e8000 	C:\Windows\system32\NetworkExplorer.dll
0x67420000 - 0x6744e000 	C:\Windows\System32\shdocvw.dll
0x722c0000 - 0x722d2000 	C:\Windows\system32\MPR.dll
0x6f270000 - 0x6f278000 	C:\Windows\System32\drprov.dll
0x716a0000 - 0x716c9000 	C:\Windows\System32\WINSTA.dll
0x6aa70000 - 0x6aa84000 	C:\Windows\System32\ntlanman.dll
0x6aa50000 - 0x6aa66000 	C:\Windows\System32\davclnt.dll
0x6eb40000 - 0x6eb48000 	C:\Windows\System32\DAVHLPR.dll
0x723a0000 - 0x723af000 	C:\Windows\system32\wkscli.dll
0x723d0000 - 0x723d9000 	C:\Windows\system32\netutils.dll
0x6a510000 - 0x6a748000 	C:\Windows\system32\wpdshext.dll
0x749d0000 - 0x74b60000 	C:\Windows\WinSxS\x86_microsoft.windows.gdiplus_6595b64144ccf1df_1.1.7600.16385_none_72fc7cbf861225ca\gdiplus.dll
0x6a9c0000 - 0x6aa49000 	C:\Windows\system32\PortableDeviceApi.dll
0x75d50000 - 0x75d7d000 	C:\Windows\syswow64\WINTRUST.dll
0x75ba0000 - 0x75cbc000 	C:\Windows\syswow64\CRYPT32.dll
0x75fd0000 - 0x75fdc000 	C:\Windows\syswow64\MSASN1.dll
0x6a980000 - 0x6a9bf000 	C:\Windows\system32\audiodev.dll
0x6a2a0000 - 0x6a507000 	C:\Windows\system32\WMVCore.DLL
0x6a940000 - 0x6a97d000 	C:\Windows\system32\WMASF.DLL
0x6a910000 - 0x6a932000 	C:\Windows\system32\EhStorAPI.dll
0x67fb0000 - 0x67fb9000 	C:\Windows\system32\LINKINFO.dll
0x04930000 - 0x04945000 	C:\Windows\System32\jmutil.dll
0x04950000 - 0x0495d000 	C:\Windows\System32\jmam.dll
0x6e8b0000 - 0x6ea27000 	C:\Windows\SysWOW64\quartz.dll
0x74d80000 - 0x74d94000 	C:\Windows\SysWOW64\devenum.dll
0x706b0000 - 0x706f0000 	C:\Windows\system32\DShowRdpFilter.dll
0x72810000 - 0x7281d000 	C:\Windows\system32\WTSAPI32.dll
0x6e710000 - 0x6e8ad000 	C:\Program Files (x86)\K-Lite Codec Pack\Filters\DirectVobSub\vsfilter.dll
0x72940000 - 0x72991000 	C:\Windows\system32\WINSPOOL.DRV
0x717b0000 - 0x717ec000 	C:\Windows\system32\OLEACC.dll
0x77180000 - 0x77274000 	C:\Windows\syswow64\WININET.dll
0x75460000 - 0x75463000 	C:\Windows\syswow64\Normaliz.dll
0x755b0000 - 0x756e5000 	C:\Windows\syswow64\urlmon.dll
0x76ee0000 - 0x770d9000 	C:\Windows\syswow64\iertutil.dll
0x70250000 - 0x70294000 	C:\Program Files (x86)\K-Lite Codec Pack\Filters\LAV\LAVAudio.ax
0x6def0000 - 0x6e068000 	C:\Program Files (x86)\K-Lite Codec Pack\Filters\LAV\avformat-lav-57.dll
0x728a0000 - 0x728a8000 	C:\Windows\system32\Secur32.dll
0x6c060000 - 0x6cfcd000 	C:\Program Files (x86)\K-Lite Codec Pack\Filters\LAV\avcodec-lav-57.dll
0x70220000 - 0x7024e000 	C:\Program Files (x86)\K-Lite Codec Pack\Filters\LAV\avresample-lav-3.dll
0x6f290000 - 0x6f32f000 	C:\Program Files (x86)\K-Lite Codec Pack\Filters\LAV\avutil-lav-55.dll
0x75170000 - 0x7517b000 	C:\Windows\system32\msdmo.dll
0x05270000 - 0x052a5000 	C:\Windows\SysWOW64\qasf.dll
0x71040000 - 0x71057000 	C:\Windows\SysWOW64\mp3dmod.dll
0x67b60000 - 0x67bb9000 	C:\Windows\system32\mfplat.DLL
0x74f30000 - 0x74f37000 	C:\Windows\system32\AVRT.dll
0x72d00000 - 0x72d14000 	C:\Windows\system32\MSACM32.DLL
0x72cf0000 - 0x72cf8000 	C:\Windows\system32\imaadp32.acm
0x706a0000 - 0x706a7000 	C:\Windows\system32\msg711.acm
0x70440000 - 0x70449000 	C:\Windows\system32\msgsm32.acm
0x70210000 - 0x70218000 	C:\Windows\system32\msadp32.acm
0x701f0000 - 0x70202000 	C:\Windows\SysWOW64\l3codeca.acm
0x6bf60000 - 0x6c051000 	C:\Windows\SysWOW64\msmpeg2adec.dll
0x72120000 - 0x72159000 	C:\Windows\system32\MMDevAPI.DLL
0x6f520000 - 0x6f550000 	C:\Windows\system32\wdmaud.drv
0x75250000 - 0x75254000 	C:\Windows\system32\ksuser.dll
0x67ec0000 - 0x67ef6000 	C:\Windows\system32\AUDIOSES.DLL
0x70070000 - 0x70078000 	C:\Windows\system32\msacm32.drv

VM Arguments:
jvm_args: -Dfile.encoding=UTF-8 
java_command: Default.MainClass
Launcher Type: SUN_STANDARD

Environment Variables:
JAVA_HOME=C:\Program Files (x86)\Java\jdk1.7.0_79
CLASSPATH=.;.;C:\PROGRA~2\JMF21~1.1E\lib\sound.jar;C:\PROGRA~2\JMF21~1.1E\lib\jmf.jar;C:\PROGRA~2\JMF21~1.1E\lib;C:\Windows\java\classes;.
PATH=C:\ProgramData\Oracle\Java\javapath;C:\Program Files (x86)\Intel\iCLS Client\;C:\Program Files\Intel\iCLS Client\;C:\Windows\system32;C:\Windows;C:\Windows\System32\Wbem;C:\Windows\System32\WindowsPowerShell\v1.0\;C:\Program Files\Intel\Intel(R) Management Engine Components\DAL;C:\Program Files\Intel\Intel(R) Management Engine Components\IPT;C:\Program Files (x86)\Intel\Intel(R) Management Engine Components\DAL;C:\Program Files (x86)\Intel\Intel(R) Management Engine Components\IPT;C:\Program Files\Java\jdk1.8.0_25;C:\Program Files\Microsoft SQL Server\110\Tools\Binn\;E:\wamp\bin\php\php5.5.12;C:\ProgramData\ComposerSetup\bin;C:\Program Files (x86)\Git\cmd;C:\Program Files (x86)\Java\jdk1.7.0_79\bin;C:\Program Files (x86)\Common Files\lenovo\easyplussdk\bin;C:\Program Files (x86)\NVIDIA Corporation\PhysX\Common;C:\Program Files (x86)\Skype\Phone\;E:\wamp\www\b2v3\vendor\bin
USERNAME=sasuke
OS=Windows_NT
PROCESSOR_IDENTIFIER=Intel64 Family 6 Model 69 Stepping 1, GenuineIntel



---------------  S Y S T E M  ---------------

OS: Windows 7 , 64 bit Build 7600 

CPU:total 4 (2 cores per cpu, 2 threads per core) family 6 model 69 stepping 1, cmov, cx8, fxsr, mmx, sse, sse2, sse3, ssse3, sse4.1, sse4.2, popcnt, aes, erms, ht, tsc, tscinvbit

Memory: 4k page, physical 4088176k(851132k free), swap 8174456k(3999292k free)

vm_info: Java HotSpot(TM) Client VM (24.79-b02) for windows-x86 JRE (1.7.0_79-b15), built on Apr 10 2015 16:49:13 by "java_re" with unknown MS VC++:1600

time: Sun Mar 20 23:42:02 2016
elapsed time: 55 seconds

