#
# A fatal error has been detected by the Java Runtime Environment:
#
#  EXCEPTION_ACCESS_VIOLATION (0xc0000005) at pc=0x04cf2d4a, pid=864, tid=5560
#
# JRE version: Java(TM) SE Runtime Environment (7.0_79-b15) (build 1.7.0_79-b15)
# Java VM: Java HotSpot(TM) Client VM (24.79-b02 mixed mode, sharing windows-x86 )
# Problematic frame:
# C  [jmam.dll+0x2d4a]
#
# Failed to write core dump. Minidumps are not enabled by default on client versions of Windows
#
# If you would like to submit a bug report, please visit:
#   http://bugreport.java.com/bugreport/crash.jsp
# The crash happened outside the Java Virtual Machine in native code.
# See problematic frame for where to report the bug.
#

---------------  T H R E A D  ---------------

Current thread (0x04967800):  JavaThread "AWT-EventQueue-0" [_thread_in_native, id=5560, stack(0x05800000,0x05850000)]

siginfo: ExceptionCode=0xc0000005, reading address 0x00000000

Registers:
EAX=0x00000000, EBX=0x374bce98, ECX=0x00000000, EDX=0x0584e364
ESP=0x0584e35c, EBP=0x0584e3a4, ESI=0x374bce98, EDI=0x04967800
EIP=0x04cf2d4a, EFLAGS=0x00010246

Top of Stack: (sp=0x0584e35c)
0x0584e35c:   00000000 0584e364 308220a4 0584e3f8
0x0584e36c:   0242aabd 0022fc54 00000000 04967800
0x0584e37c:   3bc2bab0 3bc0006c 0584e384 00000000
0x0584e38c:   0584e3b4 374be0f0 00000000 374bce98
0x0584e39c:   00000000 0584e3b4 0584e3d8 02423304
0x0584e3ac:   00000000 024288c9 282d2d50 0584e3b8
0x0584e3bc:   374be7b3 0584e3e8 374bf170 00000000
0x0584e3cc:   374be7e0 0584e3b4 0584e3e8 0584e40c 

Instructions: (pc=0x04cf2d4a)
0x04cf2d2a:   d2 83 c4 08 c2 08 00 8b 44 24 0c 8d 54 24 10 52
0x04cf2d3a:   50 8b 08 ff 51 24 8d 54 24 00 8b 44 24 10 52 50
0x04cf2d4a:   8b 08 ff 51 0c 8b 44 24 10 50 8b 08 ff 51 08 8b
0x04cf2d5a:   44 24 0c 50 8b 10 ff 52 08 6a 00 6a 0a 8b 44 24 


Register to memory mapping:

EAX=0x00000000 is an unknown value
EBX=0x374bce98 is an oop
{method} 
 - klass: {other class}
ECX=0x00000000 is an unknown value
EDX=0x0584e364 is pointing into the stack for thread: 0x04967800
ESP=0x0584e35c is pointing into the stack for thread: 0x04967800
EBP=0x0584e3a4 is pointing into the stack for thread: 0x04967800
ESI=0x374bce98 is an oop
{method} 
 - klass: {other class}
EDI=0x04967800 is a thread


Stack: [0x05800000,0x05850000],  sp=0x0584e35c,  free space=312k
Native frames: (J=compiled Java code, j=interpreted, Vv=VM code, C=native code)
C  [jmam.dll+0x2d4a]
j  com.sun.media.amovie.AMController$AMTimeBase.getMediaTime()J+19
j  com.sun.media.amovie.AMController$AMTimeBase.getNanoseconds()J+1
j  com.sun.media.BasicClock.syncStart(Ljavax/media/Time;)V+25
j  com.sun.media.BasicController.syncStart(Ljavax/media/Time;)V+29
j  com.sun.media.BasicPlayer.syncStart(Ljavax/media/Time;)V+118
j  com.sun.media.BasicPlayer.setRate(F)F+137
j  MainMedia.mediamethods.fastMouseClicked(Ljava/awt/event/MouseEvent;)V+21
j  MainMedia.mediamethods.access$2000(LMainMedia/mediamethods;Ljava/awt/event/MouseEvent;)V+2
j  MainMedia.mediamethods$11.mouseClicked(Ljava/awt/event/MouseEvent;)V+5
j  java.awt.AWTEventMulticaster.mouseClicked(Ljava/awt/event/MouseEvent;)V+21
j  java.awt.Component.processMouseEvent(Ljava/awt/event/MouseEvent;)V+74
j  javax.swing.JComponent.processMouseEvent(Ljava/awt/event/MouseEvent;)V+23
j  java.awt.Component.processEvent(Ljava/awt/AWTEvent;)V+81
j  java.awt.Container.processEvent(Ljava/awt/AWTEvent;)V+18
j  java.awt.Component.dispatchEventImpl(Ljava/awt/AWTEvent;)V+581
j  java.awt.Container.dispatchEventImpl(Ljava/awt/AWTEvent;)V+42
J 412 C1 java.awt.LightweightDispatcher.retargetMouseEvent(Ljava/awt/Component;ILjava/awt/event/MouseEvent;)V (350 bytes) @ 0x02548298 [0x02547c40+0x658]
j  java.awt.LightweightDispatcher.processMouseEvent(Ljava/awt/event/MouseEvent;)Z+157
j  java.awt.LightweightDispatcher.dispatchEvent(Ljava/awt/AWTEvent;)Z+50
j  java.awt.Container.dispatchEventImpl(Ljava/awt/AWTEvent;)V+12
j  java.awt.Window.dispatchEventImpl(Ljava/awt/AWTEvent;)V+19
J 873 C1 java.awt.EventQueue.dispatchEventImpl(Ljava/awt/AWTEvent;Ljava/lang/Object;)V (149 bytes) @ 0x02572810 [0x025723b0+0x460]
J 870 C1 java.awt.EventQueue$3.run()Ljava/lang/Object; (5 bytes) @ 0x0250c000 [0x0250bfd0+0x30]
v  ~StubRoutines::call_stub
V  [jvm.dll+0x14234a]
V  [jvm.dll+0x206ebe]
V  [jvm.dll+0x1423cd]
V  [jvm.dll+0xfc6aa]
C  [java.dll+0x102f]
J 675 C1 java.security.ProtectionDomain$1.doIntersectionPrivilege(Ljava/security/PrivilegedAction;Ljava/security/AccessControlContext;Ljava/security/AccessControlContext;)Ljava/lang/Object; (32 bytes) @ 0x024c1fd0 [0x024c1f30+0xa0]
j  java.security.ProtectionDomain$1.doIntersectionPrivilege(Ljava/security/PrivilegedAction;Ljava/security/AccessControlContext;)Ljava/lang/Object;+6
j  java.awt.EventQueue$4.run()Ljava/lang/Void;+11
j  java.awt.EventQueue$4.run()Ljava/lang/Object;+1
v  ~StubRoutines::call_stub
V  [jvm.dll+0x14234a]
V  [jvm.dll+0x206ebe]
V  [jvm.dll+0x1423cd]
V  [jvm.dll+0xfc6aa]
C  [java.dll+0x102f]
J 867 C1 java.awt.EventQueue.dispatchEvent(Ljava/awt/AWTEvent;)V (80 bytes) @ 0x025b4670 [0x025b43c0+0x2b0]
J 561 C1 java.awt.EventDispatchThread.pumpOneEventForFilters(I)V (295 bytes) @ 0x0257c92c [0x0257c290+0x69c]
j  java.awt.EventDispatchThread.pumpEventsForFilter(ILjava/awt/Conditional;Ljava/awt/EventFilter;)V+35
j  java.awt.EventDispatchThread.pumpEventsForHierarchy(ILjava/awt/Conditional;Ljava/awt/Component;)V+11
j  java.awt.EventDispatchThread.pumpEvents(ILjava/awt/Conditional;)V+4
j  java.awt.EventDispatchThread.pumpEvents(Ljava/awt/Conditional;)V+3
j  java.awt.EventDispatchThread.run()V+9
v  ~StubRoutines::call_stub
V  [jvm.dll+0x14234a]
V  [jvm.dll+0x206ebe]
V  [jvm.dll+0x142515]
V  [jvm.dll+0x142577]
V  [jvm.dll+0xed3df]
V  [jvm.dll+0x1636ec]
V  [jvm.dll+0x164147]
V  [jvm.dll+0x1a8d99]
C  [msvcr100.dll+0x5c556]
C  [msvcr100.dll+0x5c600]
C  [kernel32.dll+0x13677]
C  [ntdll.dll+0x39d72]
C  [ntdll.dll+0x39d45]

Java frames: (J=compiled Java code, j=interpreted, Vv=VM code)
j  com.sun.media.amovie.ActiveMovie.getTime()J+0
j  com.sun.media.amovie.AMController$AMTimeBase.getMediaTime()J+19
j  com.sun.media.amovie.AMController$AMTimeBase.getNanoseconds()J+1
j  com.sun.media.BasicClock.syncStart(Ljavax/media/Time;)V+25
j  com.sun.media.BasicController.syncStart(Ljavax/media/Time;)V+29
j  com.sun.media.BasicPlayer.syncStart(Ljavax/media/Time;)V+118
j  com.sun.media.BasicPlayer.setRate(F)F+137
j  MainMedia.mediamethods.fastMouseClicked(Ljava/awt/event/MouseEvent;)V+21
j  MainMedia.mediamethods.access$2000(LMainMedia/mediamethods;Ljava/awt/event/MouseEvent;)V+2
j  MainMedia.mediamethods$11.mouseClicked(Ljava/awt/event/MouseEvent;)V+5
j  java.awt.AWTEventMulticaster.mouseClicked(Ljava/awt/event/MouseEvent;)V+21
j  java.awt.Component.processMouseEvent(Ljava/awt/event/MouseEvent;)V+74
j  javax.swing.JComponent.processMouseEvent(Ljava/awt/event/MouseEvent;)V+23
j  java.awt.Component.processEvent(Ljava/awt/AWTEvent;)V+81
j  java.awt.Container.processEvent(Ljava/awt/AWTEvent;)V+18
j  java.awt.Component.dispatchEventImpl(Ljava/awt/AWTEvent;)V+581
j  java.awt.Container.dispatchEventImpl(Ljava/awt/AWTEvent;)V+42
J 412 C1 java.awt.LightweightDispatcher.retargetMouseEvent(Ljava/awt/Component;ILjava/awt/event/MouseEvent;)V (350 bytes) @ 0x02548298 [0x02547c40+0x658]
j  java.awt.LightweightDispatcher.processMouseEvent(Ljava/awt/event/MouseEvent;)Z+157
j  java.awt.LightweightDispatcher.dispatchEvent(Ljava/awt/AWTEvent;)Z+50
j  java.awt.Container.dispatchEventImpl(Ljava/awt/AWTEvent;)V+12
j  java.awt.Window.dispatchEventImpl(Ljava/awt/AWTEvent;)V+19
J 873 C1 java.awt.EventQueue.dispatchEventImpl(Ljava/awt/AWTEvent;Ljava/lang/Object;)V (149 bytes) @ 0x02572810 [0x025723b0+0x460]
J 870 C1 java.awt.EventQueue$3.run()Ljava/lang/Object; (5 bytes) @ 0x0250c000 [0x0250bfd0+0x30]
v  ~StubRoutines::call_stub
J 609  java.security.AccessController.doPrivileged(Ljava/security/PrivilegedAction;Ljava/security/AccessControlContext;)Ljava/lang/Object; (0 bytes) @ 0x0258aa07 [0x0258a9a0+0x67]
J 675 C1 java.security.ProtectionDomain$1.doIntersectionPrivilege(Ljava/security/PrivilegedAction;Ljava/security/AccessControlContext;Ljava/security/AccessControlContext;)Ljava/lang/Object; (32 bytes) @ 0x024c1fd0 [0x024c1f30+0xa0]
j  java.security.ProtectionDomain$1.doIntersectionPrivilege(Ljava/security/PrivilegedAction;Ljava/security/AccessControlContext;)Ljava/lang/Object;+6
j  java.awt.EventQueue$4.run()Ljava/lang/Void;+11
j  java.awt.EventQueue$4.run()Ljava/lang/Object;+1
v  ~StubRoutines::call_stub
J 609  java.security.AccessController.doPrivileged(Ljava/security/PrivilegedAction;Ljava/security/AccessControlContext;)Ljava/lang/Object; (0 bytes) @ 0x0258aa07 [0x0258a9a0+0x67]
J 867 C1 java.awt.EventQueue.dispatchEvent(Ljava/awt/AWTEvent;)V (80 bytes) @ 0x025b4670 [0x025b43c0+0x2b0]
J 561 C1 java.awt.EventDispatchThread.pumpOneEventForFilters(I)V (295 bytes) @ 0x0257c92c [0x0257c290+0x69c]
j  java.awt.EventDispatchThread.pumpEventsForFilter(ILjava/awt/Conditional;Ljava/awt/EventFilter;)V+35
j  java.awt.EventDispatchThread.pumpEventsForHierarchy(ILjava/awt/Conditional;Ljava/awt/Component;)V+11
j  java.awt.EventDispatchThread.pumpEvents(ILjava/awt/Conditional;)V+4
j  java.awt.EventDispatchThread.pumpEvents(Ljava/awt/Conditional;)V+3
j  java.awt.EventDispatchThread.run()V+9
v  ~StubRoutines::call_stub

---------------  P R O C E S S  ---------------

Java Threads: ( => current thread )
  0x04a4c800 JavaThread "Image Fetcher 0" daemon [_thread_blocked, id=1348, stack(0x08480000,0x084d0000)]
  0x04a4bc00 JavaThread "Loop thread" [_thread_blocked, id=4164, stack(0x080d0000,0x08120000)]
  0x05251c00 JavaThread "JMF thread: SendEventQueue: com.sun.media.content.audio.mpeg.Handler" [_thread_blocked, id=3032, stack(0x07370000,0x073c0000)]
  0x051f7800 JavaThread "Swing-Shell" daemon [_thread_blocked, id=7080, stack(0x06e20000,0x06e70000)]
  0x05215000 JavaThread "TimerQueue" daemon [_thread_blocked, id=3700, stack(0x05660000,0x056b0000)]
  0x00e4c800 JavaThread "DestroyJavaVM" [_thread_blocked, id=5812, stack(0x00ba0000,0x00bf0000)]
=>0x04967800 JavaThread "AWT-EventQueue-0" [_thread_in_native, id=5560, stack(0x05800000,0x05850000)]
  0x04952800 JavaThread "AWT-Windows" daemon [_thread_in_native, id=4828, stack(0x04fc0000,0x05010000)]
  0x04952400 JavaThread "AWT-Shutdown" [_thread_blocked, id=2428, stack(0x047f0000,0x04840000)]
  0x04949400 JavaThread "Java2D Disposer" daemon [_thread_blocked, id=3944, stack(0x04e70000,0x04ec0000)]
  0x002e7c00 JavaThread "Service Thread" daemon [_thread_blocked, id=4468, stack(0x04840000,0x04890000)]
  0x002e3400 JavaThread "C1 CompilerThread0" daemon [_thread_blocked, id=3224, stack(0x047a0000,0x047f0000)]
  0x002e2000 JavaThread "Attach Listener" daemon [_thread_blocked, id=3484, stack(0x00f50000,0x00fa0000)]
  0x002dec00 JavaThread "Signal Dispatcher" daemon [_thread_blocked, id=4512, stack(0x04440000,0x04490000)]
  0x0026fc00 JavaThread "Finalizer" daemon [_thread_blocked, id=4032, stack(0x04650000,0x046a0000)]
  0x0026e400 JavaThread "Reference Handler" daemon [_thread_blocked, id=5320, stack(0x04530000,0x04580000)]

Other Threads:
  0x0026c400 VMThread [stack: 0x00fa0000,0x00ff0000] [id=6228]
  0x002fb800 WatcherThread [stack: 0x00ea0000,0x00ef0000] [id=3408]

VM state:not at safepoint (normal execution)

VM Mutex/Monitor currently owned by a thread: None

Heap
 def new generation   total 31744K, used 27107K [0x27200000, 0x29470000, 0x2c750000)
  eden space 28224K,  91% used [0x27200000, 0x28b3a070, 0x28d90000)
  from space 3520K,  36% used [0x29100000, 0x2923ef58, 0x29470000)
  to   space 3520K,   0% used [0x28d90000, 0x28d90000, 0x29100000)
 tenured generation   total 70396K, used 47485K [0x2c750000, 0x30c0f000, 0x37200000)
   the space 70396K,  67% used [0x2c750000, 0x2f5af538, 0x2f5af600, 0x30c0f000)
 compacting perm gen  total 12288K, used 2852K [0x37200000, 0x37e00000, 0x3b200000)
   the space 12288K,  23% used [0x37200000, 0x374c9340, 0x374c9400, 0x37e00000)
    ro space 10240K,  44% used [0x3b200000, 0x3b67c1d8, 0x3b67c200, 0x3bc00000)
    rw space 12288K,  52% used [0x3bc00000, 0x3c2440c0, 0x3c244200, 0x3c800000)

Card table byte_map: [0x00c80000,0x00d30000] byte_map_base: 0x00b47000

Polling page: 0x00330000

Code Cache  [0x02420000, 0x02600000, 0x04420000)
 total_blobs=1114 nmethods=856 adapters=193 free_code_cache=30882Kb largest_free_block=31613248

Compilation events (10 events):
Event: 34.694 Thread 0x002e3400  876             java.awt.EventQueue::cacheEQItem (71 bytes)
Event: 34.694 Thread 0x002e3400 nmethod 876 0x02515548 code [0x02515660, 0x025158dc]
Event: 34.694 Thread 0x002e3400  877             java.awt.EventQueue::uncacheEQItem (53 bytes)
Event: 34.694 Thread 0x002e3400 nmethod 877 0x02513ac8 code [0x02513be0, 0x02513d3c]
Event: 35.804 Thread 0x002e3400  878   !         sun.awt.AWTAutoShutdown::setToolkitBusy (124 bytes)
Event: 35.804 Thread 0x002e3400 nmethod 878 0x0252fec8 code [0x02530020, 0x0253054c]
Event: 35.816 Thread 0x002e3400  879             java.awt.EventDispatchThread$HierarchyEventFilter::acceptEvent (225 bytes)
Event: 35.816 Thread 0x002e3400 nmethod 879 0x0251cd48 code [0x0251cea0, 0x0251d274]
Event: 36.143 Thread 0x002e3400  880             sun.awt.SunToolkit::setSystemGenerated (10 bytes)
Event: 36.144 Thread 0x002e3400 nmethod 880 0x02513808 code [0x02513910, 0x025139ec]

GC Heap History (10 events):
Event: 2.691 GC heap before
{Heap before GC invocations=9 (full 1):
 def new generation   total 5568K, used 5009K [0x27200000, 0x27800000, 0x2c750000)
  eden space 4992K, 100% used [0x27200000, 0x276e0000, 0x276e0000)
  from space 576K,   3% used [0x276e0000, 0x276e4740, 0x27770000)
  to   space 576K,   0% used [0x27770000, 0x27770000, 0x27800000)
 tenured generation   total 22212K, used 20876K [0x2c750000, 0x2dd01000, 0x37200000)
   the space 22212K,  93% used [0x2c750000, 0x2dbb3260, 0x2dbb3400, 0x2dd01000)
 compacting perm gen  total 12288K, used 1432K [0x37200000, 0x37e00000, 0x3b200000)
   the space 12288K,  11% used [0x37200000, 0x37366078, 0x37366200, 0x37e00000)
    ro space 10240K,  44% used [0x3b200000, 0x3b67c1d8, 0x3b67c200, 0x3bc00000)
    rw space 12288K,  52% used [0x3bc00000, 0x3c2440c0, 0x3c244200, 0x3c800000)
Event: 2.708 GC heap after
Heap after GC invocations=10 (full 2):
 def new generation   total 18432K, used 0K [0x27200000, 0x28600000, 0x2c750000)
  eden space 16384K,   0% used [0x27200000, 0x27200000, 0x28200000)
  from space 2048K,   0% used [0x28200000, 0x28200000, 0x28400000)
  to   space 2048K,   0% used [0x28400000, 0x28400000, 0x28600000)
 tenured generation   total 40828K, used 24494K [0x2c750000, 0x2ef2f000, 0x37200000)
   the space 40828K,  59% used [0x2c750000, 0x2df3ba50, 0x2df3bc00, 0x2ef2f000)
 compacting perm gen  total 12288K, used 1432K [0x37200000, 0x37e00000, 0x3b200000)
   the space 12288K,  11% used [0x37200000, 0x37366078, 0x37366200, 0x37e00000)
    ro space 10240K,  44% used [0x3b200000, 0x3b67c1d8, 0x3b67c200, 0x3bc00000)
    rw space 12288K,  52% used [0x3bc00000, 0x3c2440c0, 0x3c244200, 0x3c800000)
}
Event: 2.819 GC heap before
{Heap before GC invocations=10 (full 2):
 def new generation   total 18432K, used 12958K [0x27200000, 0x28600000, 0x2c750000)
  eden space 16384K,  79% used [0x27200000, 0x27ea7958, 0x28200000)
  from space 2048K,   0% used [0x28200000, 0x28200000, 0x28400000)
  to   space 2048K,   0% used [0x28400000, 0x28400000, 0x28600000)
 tenured generation   total 40828K, used 24494K [0x2c750000, 0x2ef2f000, 0x37200000)
   the space 40828K,  59% used [0x2c750000, 0x2df3ba50, 0x2df3bc00, 0x2ef2f000)
 compacting perm gen  total 12288K, used 1432K [0x37200000, 0x37e00000, 0x3b200000)
   the space 12288K,  11% used [0x37200000, 0x37366078, 0x37366200, 0x37e00000)
    ro space 10240K,  44% used [0x3b200000, 0x3b67c1d8, 0x3b67c200, 0x3bc00000)
    rw space 12288K,  52% used [0x3bc00000, 0x3c2440c0, 0x3c244200, 0x3c800000)
Event: 2.823 GC heap after
Heap after GC invocations=11 (full 2):
 def new generation   total 18432K, used 1624K [0x27200000, 0x28600000, 0x2c750000)
  eden space 16384K,   0% used [0x27200000, 0x27200000, 0x28200000)
  from space 2048K,  79% used [0x28400000, 0x28596240, 0x28600000)
  to   space 2048K,   0% used [0x28200000, 0x28200000, 0x28400000)
 tenured generation   total 40828K, used 28098K [0x2c750000, 0x2ef2f000, 0x37200000)
   the space 40828K,  68% used [0x2c750000, 0x2e2c0890, 0x2e2c0a00, 0x2ef2f000)
 compacting perm gen  total 12288K, used 1432K [0x37200000, 0x37e00000, 0x3b200000)
   the space 12288K,  11% used [0x37200000, 0x37366078, 0x37366200, 0x37e00000)
    ro space 10240K,  44% used [0x3b200000, 0x3b67c1d8, 0x3b67c200, 0x3bc00000)
    rw space 12288K,  52% used [0x3bc00000, 0x3c2440c0, 0x3c244200, 0x3c800000)
}
Event: 2.878 GC heap before
{Heap before GC invocations=11 (full 2):
 def new generation   total 18432K, used 18008K [0x27200000, 0x28600000, 0x2c750000)
  eden space 16384K, 100% used [0x27200000, 0x28200000, 0x28200000)
  from space 2048K,  79% used [0x28400000, 0x28596240, 0x28600000)
  to   space 2048K,   0% used [0x28200000, 0x28200000, 0x28400000)
 tenured generation   total 40828K, used 28098K [0x2c750000, 0x2ef2f000, 0x37200000)
   the space 40828K,  68% used [0x2c750000, 0x2e2c0890, 0x2e2c0a00, 0x2ef2f000)
 compacting perm gen  total 12288K, used 1432K [0x37200000, 0x37e00000, 0x3b200000)
   the space 12288K,  11% used [0x37200000, 0x37366078, 0x37366200, 0x37e00000)
    ro space 10240K,  44% used [0x3b200000, 0x3b67c1d8, 0x3b67c200, 0x3bc00000)
    rw space 12288K,  52% used [0x3bc00000, 0x3c2440c0, 0x3c244200, 0x3c800000)
Event: 2.886 GC heap after
Heap after GC invocations=12 (full 2):
 def new generation   total 18432K, used 1420K [0x27200000, 0x28600000, 0x2c750000)
  eden space 16384K,   0% used [0x27200000, 0x27200000, 0x28200000)
  from space 2048K,  69% used [0x28200000, 0x28363230, 0x28400000)
  to   space 2048K,   0% used [0x28400000, 0x28400000, 0x28600000)
 tenured generation   total 40828K, used 36739K [0x2c750000, 0x2ef2f000, 0x37200000)
   the space 40828K,  89% used [0x2c750000, 0x2eb30cf0, 0x2eb30e00, 0x2ef2f000)
 compacting perm gen  total 12288K, used 1432K [0x37200000, 0x37e00000, 0x3b200000)
   the space 12288K,  11% used [0x37200000, 0x37366078, 0x37366200, 0x37e00000)
    ro space 10240K,  44% used [0x3b200000, 0x3b67c1d8, 0x3b67c200, 0x3bc00000)
    rw space 12288K,  52% used [0x3bc00000, 0x3c2440c0, 0x3c244200, 0x3c800000)
}
Event: 3.716 GC heap before
{Heap before GC invocations=12 (full 2):
 def new generation   total 18432K, used 17804K [0x27200000, 0x28600000, 0x2c750000)
  eden space 16384K, 100% used [0x27200000, 0x28200000, 0x28200000)
  from space 2048K,  69% used [0x28200000, 0x28363230, 0x28400000)
  to   space 2048K,   0% used [0x28400000, 0x28400000, 0x28600000)
 tenured generation   total 40828K, used 36739K [0x2c750000, 0x2ef2f000, 0x37200000)
   the space 40828K,  89% used [0x2c750000, 0x2eb30cf0, 0x2eb30e00, 0x2ef2f000)
 compacting perm gen  total 12288K, used 1469K [0x37200000, 0x37e00000, 0x3b200000)
   the space 12288K,  11% used [0x37200000, 0x3736f6a0, 0x3736f800, 0x37e00000)
    ro space 10240K,  44% used [0x3b200000, 0x3b67c1d8, 0x3b67c200, 0x3bc00000)
    rw space 12288K,  52% used [0x3bc00000, 0x3c2440c0, 0x3c244200, 0x3c800000)
Event: 3.743 GC heap after
Heap after GC invocations=13 (full 3):
 def new generation   total 31744K, used 1078K [0x27200000, 0x29470000, 0x2c750000)
  eden space 28224K,   3% used [0x27200000, 0x2730d9a8, 0x28d90000)
  from space 3520K,   0% used [0x28d90000, 0x28d90000, 0x29100000)
  to   space 3520K,   0% used [0x29100000, 0x29100000, 0x29470000)
 tenured generation   total 70396K, used 42235K [0x2c750000, 0x30c0f000, 0x37200000)
   the space 70396K,  59% used [0x2c750000, 0x2f08ef68, 0x2f08f000, 0x30c0f000)
 compacting perm gen  total 12288K, used 1469K [0x37200000, 0x37e00000, 0x3b200000)
   the space 12288K,  11% used [0x37200000, 0x3736f6a0, 0x3736f800, 0x37e00000)
    ro space 10240K,  44% used [0x3b200000, 0x3b67c1d8, 0x3b67c200, 0x3bc00000)
    rw space 12288K,  52% used [0x3bc00000, 0x3c2440c0, 0x3c244200, 0x3c800000)
}
Event: 15.257 GC heap before
{Heap before GC invocations=13 (full 3):
 def new generation   total 31744K, used 27976K [0x27200000, 0x29470000, 0x2c750000)
  eden space 28224K,  99% used [0x27200000, 0x28d523e8, 0x28d90000)
  from space 3520K,   0% used [0x28d90000, 0x28d90000, 0x29100000)
  to   space 3520K,   0% used [0x29100000, 0x29100000, 0x29470000)
 tenured generation   total 70396K, used 42235K [0x2c750000, 0x30c0f000, 0x37200000)
   the space 70396K,  59% used [0x2c750000, 0x2f08ef68, 0x2f08f000, 0x30c0f000)
 compacting perm gen  total 12288K, used 1587K [0x37200000, 0x37e00000, 0x3b200000)
   the space 12288K,  12% used [0x37200000, 0x3738cce0, 0x3738ce00, 0x37e00000)
    ro space 10240K,  44% used [0x3b200000, 0x3b67c1d8, 0x3b67c200, 0x3bc00000)
    rw space 12288K,  52% used [0x3bc00000, 0x3c2440c0, 0x3c244200, 0x3c800000)
Event: 15.270 GC heap after
Heap after GC invocations=14 (full 3):
 def new generation   total 31744K, used 1275K [0x27200000, 0x29470000, 0x2c750000)
  eden space 28224K,   0% used [0x27200000, 0x27200000, 0x28d90000)
  from space 3520K,  36% used [0x29100000, 0x2923ef58, 0x29470000)
  to   space 3520K,   0% used [0x28d90000, 0x28d90000, 0x29100000)
 tenured generation   total 70396K, used 47485K [0x2c750000, 0x30c0f000, 0x37200000)
   the space 70396K,  67% used [0x2c750000, 0x2f5af538, 0x2f5af600, 0x30c0f000)
 compacting perm gen  total 12288K, used 1587K [0x37200000, 0x37e00000, 0x3b200000)
   the space 12288K,  12% used [0x37200000, 0x3738cce0, 0x3738ce00, 0x37e00000)
    ro space 10240K,  44% used [0x3b200000, 0x3b67c1d8, 0x3b67c200, 0x3bc00000)
    rw space 12288K,  52% used [0x3bc00000, 0x3c2440c0, 0x3c244200, 0x3c800000)
}

Deoptimization events (0 events):
No events

Internal exceptions (10 events):
Event: 27.707 Thread 0x04967800 Threw 0x28125c30 at C:\re\jdk7u79\2331\hotspot\src\share\vm\prims\jvm.cpp:1304
Event: 27.707 Thread 0x04967800 Threw 0x28125e40 at C:\re\jdk7u79\2331\hotspot\src\share\vm\runtime\reflection.cpp:1030
Event: 27.707 Thread 0x04967800 Threw 0x281267b8 at C:\re\jdk7u79\2331\hotspot\src\share\vm\prims\jvm.cpp:1304
Event: 27.707 Thread 0x04967800 Threw 0x28128be0 at C:\re\jdk7u79\2331\hotspot\src\share\vm\prims\jvm.cpp:1304
Event: 27.707 Thread 0x04967800 Threw 0x28128df0 at C:\re\jdk7u79\2331\hotspot\src\share\vm\runtime\reflection.cpp:1030
Event: 27.733 Thread 0x04967800 Threw 0x281d4d00 at C:\re\jdk7u79\2331\hotspot\src\share\vm\prims\jvm.cpp:1304
Event: 27.733 Thread 0x04967800 Threw 0x281d5c68 at C:\re\jdk7u79\2331\hotspot\src\share\vm\prims\jvm.cpp:1304
Event: 27.736 Thread 0x04967800 Threw 0x281f5fc0 at C:\re\jdk7u79\2331\hotspot\src\share\vm\prims\jvm.cpp:1304
Event: 27.736 Thread 0x04967800 Threw 0x281f6fb8 at C:\re\jdk7u79\2331\hotspot\src\share\vm\prims\jvm.cpp:1304
Event: 29.271 Thread 0x04967800 Threw 0x28265cc0 at C:\re\jdk7u79\2331\hotspot\src\share\vm\prims\jvm.cpp:1304

Events (10 events):
Event: 36.550 Executing VM operation: RevokeBias
Event: 36.550 Executing VM operation: RevokeBias done
Event: 36.551 Executing VM operation: RevokeBias
Event: 36.551 Executing VM operation: RevokeBias done
Event: 36.551 Executing VM operation: RevokeBias
Event: 36.551 Executing VM operation: RevokeBias done
Event: 36.551 Executing VM operation: RevokeBias
Event: 36.551 Executing VM operation: RevokeBias done
Event: 36.559 Thread 0x05245c00 Thread exited: 0x05245c00
Event: 36.561 Thread 0x04a4cc00 Thread exited: 0x04a4cc00


Dynamic libraries:
0x00ff0000 - 0x0101f000 	C:\Program Files (x86)\Java\jdk1.7.0_79\bin\java.exe
0x77810000 - 0x77990000 	C:\Windows\SysWOW64\ntdll.dll
0x77310000 - 0x77410000 	C:\Windows\syswow64\kernel32.dll
0x76de0000 - 0x76e26000 	C:\Windows\syswow64\KERNELBASE.dll
0x75d80000 - 0x75e20000 	C:\Windows\syswow64\ADVAPI32.dll
0x75eb0000 - 0x75f5c000 	C:\Windows\syswow64\msvcrt.dll
0x760e0000 - 0x760f9000 	C:\Windows\SysWOW64\sechost.dll
0x756f0000 - 0x757e0000 	C:\Windows\syswow64\RPCRT4.dll
0x75380000 - 0x753e0000 	C:\Windows\syswow64\SspiCli.dll
0x75370000 - 0x7537c000 	C:\Windows\syswow64\CRYPTBASE.dll
0x75470000 - 0x75570000 	C:\Windows\syswow64\USER32.dll
0x75cc0000 - 0x75d50000 	C:\Windows\syswow64\GDI32.dll
0x76100000 - 0x7610a000 	C:\Windows\syswow64\LPK.dll
0x770e0000 - 0x7717d000 	C:\Windows\syswow64\USP10.dll
0x71860000 - 0x719fe000 	C:\Windows\WinSxS\x86_microsoft.windows.common-controls_6595b64144ccf1df_6.0.7600.16385_none_421189da2b7fabfc\COMCTL32.dll
0x75f70000 - 0x75fc7000 	C:\Windows\syswow64\SHLWAPI.dll
0x76e30000 - 0x76e90000 	C:\Windows\system32\IMM32.DLL
0x76010000 - 0x760dc000 	C:\Windows\syswow64\MSCTF.dll
0x729d0000 - 0x729fb000 	C:\Windows\SysWOW64\nvinit.dll
0x729c0000 - 0x729c9000 	C:\Windows\system32\VERSION.dll
0x0f000000 - 0x0f006000 	C:\Program Files (x86)\NVIDIA Corporation\CoProcManager\detoured.dll
0x71010000 - 0x71039000 	C:\Program Files (x86)\NVIDIA Corporation\CoProcManager\nvd3d9wrap.dll
0x758a0000 - 0x75a3d000 	C:\Windows\syswow64\SETUPAPI.dll
0x75fe0000 - 0x76007000 	C:\Windows\syswow64\CFGMGR32.dll
0x757e0000 - 0x7586f000 	C:\Windows\syswow64\OLEAUT32.dll
0x75a40000 - 0x75b9c000 	C:\Windows\syswow64\ole32.dll
0x76110000 - 0x76122000 	C:\Windows\syswow64\DEVOBJ.dll
0x70ff0000 - 0x7100e000 	C:\Program Files (x86)\NVIDIA Corporation\CoProcManager\nvdxgiwrap.dll
0x70330000 - 0x703ef000 	C:\Program Files (x86)\Java\jdk1.7.0_79\jre\bin\msvcr100.dll
0x5da90000 - 0x5de19000 	C:\Program Files (x86)\Java\jdk1.7.0_79\jre\bin\client\jvm.dll
0x710b0000 - 0x710b7000 	C:\Windows\system32\WSOCK32.dll
0x75570000 - 0x755a5000 	C:\Windows\syswow64\WS2_32.dll
0x75f60000 - 0x75f66000 	C:\Windows\syswow64\NSI.dll
0x722e0000 - 0x72312000 	C:\Windows\system32\WINMM.dll
0x777e0000 - 0x777e5000 	C:\Windows\syswow64\PSAPI.DLL
0x70320000 - 0x7032c000 	C:\Program Files (x86)\Java\jdk1.7.0_79\jre\bin\verify.dll
0x70300000 - 0x70320000 	C:\Program Files (x86)\Java\jdk1.7.0_79\jre\bin\java.dll
0x702e0000 - 0x702f3000 	C:\Program Files (x86)\Java\jdk1.7.0_79\jre\bin\zip.dll
0x74500000 - 0x7450e000 	C:\Program Files (x86)\Java\jdk1.7.0_79\jre\bin\JdbcOdbc.dll
0x74470000 - 0x744fa000 	C:\Windows\system32\ODBC32.dll
0x74430000 - 0x74468000 	C:\Windows\system32\odbcint.dll
0x71740000 - 0x71757000 	C:\Windows\system32\bcrypt.dll
0x71700000 - 0x7173d000 	C:\Windows\SysWOW64\bcryptprimitives.dll
0x684c0000 - 0x68603000 	C:\Program Files (x86)\Java\jdk1.7.0_79\jre\bin\awt.dll
0x71090000 - 0x710a3000 	C:\Windows\system32\DWMAPI.DLL
0x70f70000 - 0x70ff0000 	C:\Windows\system32\uxtheme.dll
0x76190000 - 0x76dd9000 	C:\Windows\syswow64\SHELL32.dll
0x74400000 - 0x74425000 	C:\Program Files (x86)\Java\jdk1.7.0_79\jre\bin\jpeg.dll
0x6ee10000 - 0x6ee49000 	C:\Program Files (x86)\Java\jdk1.7.0_79\jre\bin\fontmanager.dll
0x70250000 - 0x70264000 	C:\Program Files (x86)\Java\jdk1.7.0_79\jre\bin\net.dll
0x72520000 - 0x7255c000 	C:\Windows\system32\mswsock.dll
0x71450000 - 0x71456000 	C:\Windows\System32\wship6.dll
0x70280000 - 0x7028f000 	C:\Program Files (x86)\Java\jdk1.7.0_79\jre\bin\nio.dll
0x6ede0000 - 0x6ee10000 	C:\Program Files (x86)\Java\jdk1.7.0_79\jre\bin\t2k.dll
0x10000000 - 0x10008000 	C:\Program Files (x86)\Internet Download Manager\idmmkb.dll
0x75e20000 - 0x75ea3000 	C:\Windows\syswow64\CLBCatQ.DLL
0x6f500000 - 0x6f548000 	C:\Windows\SysWOW64\msjtes40.dll
0x0f9a0000 - 0x0f9ab000 	C:\Windows\system32\VBAJET32.DLL
0x0f9c0000 - 0x0fa22000 	C:\Windows\system32\expsrv.dll
0x74250000 - 0x7434b000 	C:\Windows\system32\WindowsCodecs.dll
0x71370000 - 0x713bb000 	C:\Windows\system32\apphelp.dll
0x741d0000 - 0x74201000 	C:\Windows\system32\EhStorShell.dll
0x71f60000 - 0x72055000 	C:\Windows\system32\PROPSYS.dll
0x740f0000 - 0x7415f000 	C:\Windows\system32\ntshrui.dll
0x723b0000 - 0x723c9000 	C:\Windows\system32\srvcli.dll
0x74240000 - 0x7424b000 	C:\Windows\system32\cscapi.dll
0x712f0000 - 0x712fa000 	C:\Windows\system32\slc.dll
0x77280000 - 0x77304000 	C:\Windows\WinSxS\x86_microsoft.windows.common-controls_6595b64144ccf1df_5.82.7600.16385_none_ebf82fc36c758ad5\comctl32.dll
0x724c0000 - 0x724e1000 	C:\Windows\system32\ntmarta.dll
0x76e90000 - 0x76ed5000 	C:\Windows\syswow64\WLDAP32.dll
0x6ded0000 - 0x6e068000 	C:\Windows\system32\NetworkExplorer.dll
0x706f0000 - 0x7071e000 	C:\Windows\System32\shdocvw.dll
0x72820000 - 0x7282b000 	C:\Windows\system32\profapi.dll
0x722c0000 - 0x722d2000 	C:\Windows\system32\MPR.dll
0x743f0000 - 0x743f8000 	C:\Windows\System32\drprov.dll
0x716a0000 - 0x716c9000 	C:\Windows\System32\WINSTA.dll
0x71040000 - 0x71054000 	C:\Windows\System32\ntlanman.dll
0x70730000 - 0x70746000 	C:\Windows\System32\davclnt.dll
0x74510000 - 0x74518000 	C:\Windows\System32\DAVHLPR.dll
0x723a0000 - 0x723af000 	C:\Windows\system32\wkscli.dll
0x723d0000 - 0x723d9000 	C:\Windows\system32\netutils.dll
0x68280000 - 0x684b8000 	C:\Windows\system32\wpdshext.dll
0x749d0000 - 0x74b60000 	C:\Windows\WinSxS\x86_microsoft.windows.gdiplus_6595b64144ccf1df_1.1.7600.16385_none_72fc7cbf861225ca\gdiplus.dll
0x6ef30000 - 0x6efb9000 	C:\Windows\system32\PortableDeviceApi.dll
0x75d50000 - 0x75d7d000 	C:\Windows\syswow64\WINTRUST.dll
0x75ba0000 - 0x75cbc000 	C:\Windows\syswow64\CRYPT32.dll
0x75fd0000 - 0x75fdc000 	C:\Windows\syswow64\MSASN1.dll
0x706b0000 - 0x706ef000 	C:\Windows\system32\audiodev.dll
0x67bb0000 - 0x67e17000 	C:\Windows\system32\WMVCore.DLL
0x702a0000 - 0x702dd000 	C:\Windows\system32\WMASF.DLL
0x70420000 - 0x70442000 	C:\Windows\system32\EhStorAPI.dll
0x74e40000 - 0x74e49000 	C:\Windows\system32\LINKINFO.dll
0x05150000 - 0x05165000 	C:\Windows\System32\jmutil.dll
0x04cf0000 - 0x04cfd000 	C:\Windows\System32\jmam.dll
0x6e360000 - 0x6e4d7000 	C:\Windows\SysWOW64\quartz.dll
0x70400000 - 0x70414000 	C:\Windows\SysWOW64\devenum.dll
0x70040000 - 0x70080000 	C:\Windows\system32\DShowRdpFilter.dll
0x72810000 - 0x7281d000 	C:\Windows\system32\WTSAPI32.dll
0x680e0000 - 0x6827d000 	C:\Program Files (x86)\K-Lite Codec Pack\Filters\DirectVobSub\vsfilter.dll
0x72940000 - 0x72991000 	C:\Windows\system32\WINSPOOL.DRV
0x717b0000 - 0x717ec000 	C:\Windows\system32\OLEACC.dll
0x77180000 - 0x77274000 	C:\Windows\syswow64\WININET.dll
0x75460000 - 0x75463000 	C:\Windows\syswow64\Normaliz.dll
0x755b0000 - 0x756e5000 	C:\Windows\syswow64\urlmon.dll
0x76ee0000 - 0x770d9000 	C:\Windows\syswow64\iertutil.dll
0x67fe0000 - 0x680d1000 	C:\Windows\SysWOW64\msmpeg2adec.dll
0x07250000 - 0x072a9000 	C:\Windows\SysWOW64\MFPlat.DLL
0x70720000 - 0x70727000 	C:\Windows\SysWOW64\AVRT.dll
0x6f3d0000 - 0x6f44d000 	C:\Program Files (x86)\K-Lite Codec Pack\Filters\LAV\LAVSplitter.ax
0x67a30000 - 0x67ba8000 	C:\Program Files (x86)\K-Lite Codec Pack\Filters\LAV\avformat-lav-57.dll
0x728a0000 - 0x728a8000 	C:\Windows\system32\Secur32.dll
0x65070000 - 0x65fdd000 	C:\Program Files (x86)\K-Lite Codec Pack\Filters\LAV\avcodec-lav-57.dll
0x6f0c0000 - 0x6f0ee000 	C:\Program Files (x86)\K-Lite Codec Pack\Filters\LAV\avresample-lav-3.dll
0x6ee90000 - 0x6ef2f000 	C:\Program Files (x86)\K-Lite Codec Pack\Filters\LAV\avutil-lav-55.dll
0x6ed90000 - 0x6edd2000 	C:\Program Files (x86)\K-Lite Codec Pack\Filters\LAV\libbluray.dll
0x6ed40000 - 0x6ed84000 	C:\Program Files (x86)\K-Lite Codec Pack\Filters\LAV\LAVAudio.ax
0x703f0000 - 0x703fb000 	C:\Windows\system32\msdmo.dll
0x6ee50000 - 0x6ee85000 	C:\Windows\SysWOW64\qasf.dll
0x701f0000 - 0x70207000 	C:\Windows\SysWOW64\mp3dmod.dll
0x72120000 - 0x72159000 	C:\Windows\system32\MMDevAPI.DLL
0x6f090000 - 0x6f0c0000 	C:\Windows\system32\wdmaud.drv
0x70290000 - 0x70294000 	C:\Windows\system32\ksuser.dll
0x6eb40000 - 0x6eb76000 	C:\Windows\system32\AUDIOSES.DLL
0x6ffd0000 - 0x6ffd8000 	C:\Windows\system32\msacm32.drv
0x6ed20000 - 0x6ed34000 	C:\Windows\system32\MSACM32.dll
0x6f4f0000 - 0x6f4f7000 	C:\Windows\system32\midimap.dll
0x6ea10000 - 0x6ea82000 	C:\Windows\system32\DSOUND.DLL
0x724f0000 - 0x72515000 	C:\Windows\system32\POWRPROF.dll

VM Arguments:
jvm_args: -Dfile.encoding=UTF-8 
java_command: Default.MainClass
Launcher Type: SUN_STANDARD

Environment Variables:
JAVA_HOME=C:\Program Files (x86)\Java\jdk1.7.0_79
CLASSPATH=.;.;C:\PROGRA~2\JMF21~1.1E\lib\sound.jar;C:\PROGRA~2\JMF21~1.1E\lib\jmf.jar;C:\PROGRA~2\JMF21~1.1E\lib;C:\Windows\java\classes;.
PATH=C:\ProgramData\Oracle\Java\javapath;C:\Program Files (x86)\Intel\iCLS Client\;C:\Program Files\Intel\iCLS Client\;C:\Windows\system32;C:\Windows;C:\Windows\System32\Wbem;C:\Windows\System32\WindowsPowerShell\v1.0\;C:\Program Files\Intel\Intel(R) Management Engine Components\DAL;C:\Program Files\Intel\Intel(R) Management Engine Components\IPT;C:\Program Files (x86)\Intel\Intel(R) Management Engine Components\DAL;C:\Program Files (x86)\Intel\Intel(R) Management Engine Components\IPT;C:\Program Files\Java\jdk1.8.0_25;C:\Program Files\Microsoft SQL Server\110\Tools\Binn\;E:\wamp\bin\php\php5.5.12;C:\ProgramData\ComposerSetup\bin;C:\Program Files (x86)\Git\cmd;C:\Program Files (x86)\Java\jdk1.7.0_79\bin;C:\Program Files (x86)\Common Files\lenovo\easyplussdk\bin;C:\Program Files (x86)\NVIDIA Corporation\PhysX\Common;C:\Program Files (x86)\Skype\Phone\;E:\wamp\www\b2v3\vendor\bin
USERNAME=sasuke
OS=Windows_NT
PROCESSOR_IDENTIFIER=Intel64 Family 6 Model 69 Stepping 1, GenuineIntel



---------------  S Y S T E M  ---------------

OS: Windows 7 , 64 bit Build 7600 

CPU:total 4 (2 cores per cpu, 2 threads per core) family 6 model 69 stepping 1, cmov, cx8, fxsr, mmx, sse, sse2, sse3, ssse3, sse4.1, sse4.2, popcnt, aes, erms, ht, tsc, tscinvbit

Memory: 4k page, physical 4088176k(1243532k free), swap 8174456k(4245940k free)

vm_info: Java HotSpot(TM) Client VM (24.79-b02) for windows-x86 JRE (1.7.0_79-b15), built on Apr 10 2015 16:49:13 by "java_re" with unknown MS VC++:1600

time: Tue Mar 22 10:46:46 2016
elapsed time: 36 seconds

